{"E:\\WORK\\codes\\elaniin-foodies-web2\\src\\components\\common\\cards\\DishCard.jsx": {"path":"E:\\WORK\\codes\\elaniin-foodies-web2\\src\\components\\common\\cards\\DishCard.jsx","statementMap":{"0":{"start":{"line":5,"column":17},"end":{"line":24,"column":1}},"1":{"start":{"line":8,"column":25},"end":{"line":8,"column":97}},"2":{"start":{"line":10,"column":2},"end":{"line":23,"column":3}}},"fnMap":{"0":{"name":"(anonymous_0)","decl":{"start":{"line":5,"column":17},"end":{"line":5,"column":18}},"loc":{"start":{"line":5,"column":60},"end":{"line":24,"column":1}},"line":5}},"branchMap":{},"s":{"0":0,"1":0,"2":0},"f":{"0":0},"b":{}}
,"E:\\WORK\\codes\\elaniin-foodies-web2\\src\\components\\common\\titles\\Titles.jsx": {"path":"E:\\WORK\\codes\\elaniin-foodies-web2\\src\\components\\common\\titles\\Titles.jsx","statementMap":{"0":{"start":{"line":9,"column":15},"end":{"line":27,"column":1}},"1":{"start":{"line":12,"column":2},"end":{"line":18,"column":8}},"2":{"start":{"line":13,"column":4},"end":{"line":16,"column":7}},"3":{"start":{"line":17,"column":4},"end":{"line":17,"column":16}},"4":{"start":{"line":20,"column":2},"end":{"line":26,"column":4}}},"fnMap":{"0":{"name":"(anonymous_0)","decl":{"start":{"line":9,"column":15},"end":{"line":9,"column":16}},"loc":{"start":{"line":9,"column":42},"end":{"line":27,"column":1}},"line":9},"1":{"name":"(anonymous_1)","decl":{"start":{"line":12,"column":12},"end":{"line":12,"column":13}},"loc":{"start":{"line":12,"column":17},"end":{"line":18,"column":3}},"line":12}},"branchMap":{},"s":{"0":1,"1":1,"2":1,"3":1,"4":1},"f":{"0":1,"1":1},"b":{},"_coverageSchema":"1a1c01bbd47fc00a2c39e90264f33305004495a9","hash":"7b6143e9430d670dd50bce791a89154cce8e1d51"}
}
